<?xml version="1.0" encoding="UTF-8"?>
<!-- Generated by org.testng.reporters.JUnitXMLReporter -->
<testsuite hostname="sys" name="Default test" tests="3" failures="0" timestamp="11 Apr 2017 01:20:54 GMT" time="3.642" errors="0">
  <testcase name="runTest" time="0.015" classname="com.hybrid.Framework.RunTest"/>
  <testcase name="runTest" time="0.037" classname="com.hybrid.Framework.RunTest"/>
  <testcase name="runTest" time="0.014" classname="com.hybrid.Framework.RunTest"/>
</testsuite> <!-- Default test -->
