<?xml version="1.0" encoding="UTF-8"?>
<!-- Generated by org.testng.reporters.JUnitXMLReporter -->
<testsuite hostname="sys" name="Default test" tests="3" failures="0" timestamp="4 Apr 2017 02:34:25 GMT" time="4.153" errors="0">
  <testcase name="runTest" time="0.017" classname="com.hybrid.Framework.RunTest"/>
  <testcase name="runTest" time="0.003" classname="com.hybrid.Framework.RunTest"/>
  <testcase name="runTest" time="0.008" classname="com.hybrid.Framework.RunTest"/>
</testsuite> <!-- Default test -->
