<?xml version="1.0" encoding="UTF-8"?>
<testng-results skipped="0" failed="0" total="2" passed="2">
  <reporter-output>
  </reporter-output>
  <suite name="Suite" duration-ms="0" started-at="2017-04-13T02:25:13Z" finished-at="2017-04-13T02:25:13Z">
    <groups>
    </groups>
  </suite> <!-- Suite -->
  <suite name="My first suite" duration-ms="2921" started-at="2017-04-13T02:24:01Z" finished-at="2017-04-13T02:24:04Z">
    <groups>
    </groups>
    <test name="my fist test" duration-ms="2921" started-at="2017-04-13T02:24:01Z" finished-at="2017-04-13T02:24:04Z">
      <class name="com.hybrid.Framework.RunTest">
        <test-method status="PASS" signature="StartSuite()[pri:0, instance:com.hybrid.Framework.RunTest@64616ca2]" name="StartSuite" is-config="true" duration-ms="45" started-at="2017-04-12T21:24:01Z" finished-at="2017-04-12T21:24:01Z">
          <reporter-output>
          </reporter-output>
        </test-method> <!-- StartSuite -->
        <test-method status="PASS" signature="runTest(java.lang.String, java.lang.String, java.lang.String)[pri:0, instance:com.hybrid.Framework.RunTest@64616ca2]" name="runTest" duration-ms="13" started-at="2017-04-12T21:24:04Z" data-provider="getTestCaseNamesAndEnvOptions" finished-at="2017-04-12T21:24:04Z">
          <params>
            <param index="0">
              <value>
                <![CDATA[L1_Create_Portfolio]]>
              </value>
            </param>
            <param index="1">
              <value>
                <![CDATA[CHROME]]>
              </value>
            </param>
            <param index="2">
              <value>
                <![CDATA[CHROME]]>
              </value>
            </param>
          </params>
          <reporter-output>
          </reporter-output>
        </test-method> <!-- runTest -->
        <test-method status="PASS" signature="runTest(java.lang.String, java.lang.String, java.lang.String)[pri:0, instance:com.hybrid.Framework.RunTest@64616ca2]" name="runTest" duration-ms="2" started-at="2017-04-12T21:24:04Z" data-provider="getTestCaseNamesAndEnvOptions" finished-at="2017-04-12T21:24:04Z">
          <params>
            <param index="0">
              <value>
                <![CDATA[L1_Delete_Portfolio]]>
              </value>
            </param>
            <param index="1">
              <value>
                <![CDATA[CHROME]]>
              </value>
            </param>
            <param index="2">
              <value>
                <![CDATA[CHROME]]>
              </value>
            </param>
          </params>
          <reporter-output>
          </reporter-output>
        </test-method> <!-- runTest -->
        <test-method status="PASS" signature="EndSuite()[pri:0, instance:com.hybrid.Framework.RunTest@64616ca2]" name="EndSuite" is-config="true" duration-ms="68203" started-at="2017-04-12T21:24:04Z" finished-at="2017-04-12T21:25:13Z">
          <reporter-output>
          </reporter-output>
        </test-method> <!-- EndSuite -->
      </class> <!-- com.hybrid.Framework.RunTest -->
    </test> <!-- my fist test -->
  </suite> <!-- My first suite -->
</testng-results>
