<?xml version="1.0" encoding="UTF-8"?>
<!-- Generated by org.testng.reporters.JUnitXMLReporter -->
<testsuite hostname="sys" name="my fist test" tests="3" failures="0" timestamp="2 Apr 2017 23:53:54 GMT" time="3.343" errors="0">
  <testcase name="runTest" time="0.023" classname="com.hybrid.Framework.RunTest"/>
  <testcase name="runTest" time="0.003" classname="com.hybrid.Framework.RunTest"/>
  <testcase name="runTest" time="0.007" classname="com.hybrid.Framework.RunTest"/>
</testsuite> <!-- my fist test -->
