<?xml version="1.0" encoding="UTF-8"?>
<!-- Generated by org.testng.reporters.JUnitXMLReporter -->
<testsuite hostname="sys" name="my fist test" tests="3" failures="0" timestamp="4 Apr 2017 02:39:36 GMT" time="3.032" errors="0">
  <testcase name="runTest" time="0.018" classname="com.hybrid.Framework.RunTest"/>
  <testcase name="runTest" time="0.006" classname="com.hybrid.Framework.RunTest"/>
  <testcase name="runTest" time="0.003" classname="com.hybrid.Framework.RunTest"/>
</testsuite> <!-- my fist test -->
